fdc4b96d02268cdb1f,cfbae82502ec4601c0,1a03fa6202e3889494,3a68ab17020a386e7b,682c4ccd0130a90d14	
1184bcee0198f42155,ae5c4b760108e41ed8,7c7381ad0193e20eac,42f827f5016fa7c735,39969999025b2446d4	
157b8b280139a90396,b2d57a090223b45da8,fec3d40d02c3ac2c9c,37cdcbd501ae1acdda,e448db14027e81c43e	
34f0b94902e4533522,41d071080284671a04,d28b66b50211681d88	
e12ed3ac0283be213e,1c59f0f8028a3cc117,4dd72005020e827fea	
8d807d67021b239824	
b8762a270295249928,1bfc7ebf02bd3ba822	
cea2b7ed02e2d82d07,de8d248e0125e1263c,aeb300eb02bfdbb295,4c28da400190d662af	
ef5745c90233232feb,3492b4790213271f35,1c957b540156554493,19cd112101e634df87,2ba749d1028a6d2686	
490240e0017fdd2aca,dcd7286b0208b07cf8,802ccda4010af7887f,94ad9634018ca966de,2a94888d029c7f932c	
1a3489e702b614cc78	
90eba4c102a76af3fe,f299fc900134a9692c,93ac559a02dd3e417d	
ed98ede802b29505a1,038d98dd02497b7889	
21ec239e02cb9001bc,9528fb2e0243b5da67,3bf076620166ec3faa	
3f6a0ad9017da30189,bdbcd16902fcfd537e	
d627209a014e3c1fdf,f3fe117d0136f5c038,d5d3186a02e8da7f09,7201aa79011b474720	
36979d5e011d1d0f26,6901ad8a02bbd874e1,e6bf422c025dc910fd,bcfa468002605446a0	
3f4d2feb029224ad5c	
d424292901a366b178	
c1d1719f02c5061eb4,77596d940241d1adfb	
b188a870016e11b4f6,87128b4601e9b2c76e,ed2355010228c422e1,2f346f3701791b77e1,8eda0849023412e646	
a11a315b0197cebf28,fceac00c014638f07b,f2c4d0d202ac33d2c1,581d7341013f0fc5cf,2e39dc390294576473	
c341fb21025caab34e,390d438a02380364f6	
e55e1a2f020ba1f1a5,8ab8574402742e17a8,dcb8852202c7874ed6	
3b6f340102fcca09df	
f6354f1001d79fcc9e	
7a9cbaee0103602c5a,b9f23976025fc345a9,9601f554020ca566a5	
a28239050298f2a30f,d4fee68001bcce0573	
68e6382c02e3fef028	
46587bf8019f016013,0146e4e601eeb5de22,be19970a01ee0e6258,2d79198a0249318c61	
e8aea57501053f57a9,455398ad02c8a2b3bc,405780ec01a2591a19,aeccd81b02d57f9191	
c54dc3f5023800341f,51a1dae1011c3020ba,ceba66ce015a6271b2,1c78b5f302fa23fb1d,395024a0011b42000b	
dae4335002761a7f3d,180eeec202136a56db	
cecac58f017bb2498e,b411d0cd02e7b56893,3f7be4660223391635,85ab6a6a02dc0ac596,1730b59f02519fddd2	
100f6188029abfb89d,50816d88024d1632e9,5d30c5ca012147afe2,5e3420c902db97864b,68fa68a502f70342de	
dd4d923902134df33c	
7b03d56602db63f469	
1de6461901a20d9b3d,fd07921702bc5620c7,7445f9b401d7a5a2b4	
a6e74f8101c46e63cf	
55ad478901da8c664c,7eadc0c801ab0f30b9	
770506ea01abb34481,ba3528b1028c171339,db63f2250263096670,60c6a9b30154c33c8b,259188c4018ecc1f45	
5d4b5cd002821f8aac,d0c57d270174e2f664,1acc48450257a42020	
74a398360120fc9ff3,bb1cdd8c01ad5d56af,cd4aa37b02f7590635,66307cbf01287a1d47,7d0b1a2702fdfa33f4	
8b15b48102b2caae16,cebfd94b02d8048be0	
933b6f9b02ae212b6d	
9cd8789501d63ea55d,1a24291902aa35cfc6	
f944c19e019c5302e5,9e162d0002cd16120b,0ce0ba8e0161a418b0	
81746f04015073a81d,0a3a879a02afc7ad85,191c8717015c84793d,f95d73ef02d0fc8277,b843ec2401e6fe0ec5	
c846622001a812bcd6,acd2fe62023359cce3	
890f404b02327e39a7	
