-------------------------------------------
Batch: 0
-------------------------------------------
+------+----+------+
|domain|view|unique|
+------+----+------+
+------+----+------+

-------------------------------------------
Batch: 1
-------------------------------------------
+------------------+----+------+
|domain            |view|unique|
+------------------+----+------+
|echo.msk.ru       |4   |4     |
|tophotels.ru      |4   |4     |
|riafan.ru         |4   |4     |
|weekend.rambler.ru|3   |3     |
|russian.rt.com    |3   |3     |
|mail.rambler.ru   |3   |3     |
|www.iphones.ru    |3   |3     |
|www.formulakino.ru|2   |2     |
|null              |2   |2     |
|life.ru           |2   |2     |
+------------------+----+------+

-------------------------------------------
Batch: 2
-------------------------------------------
+------------------+----+------+
|domain            |view|unique|
+------------------+----+------+
|tophotels.ru      |4   |4     |
|echo.msk.ru       |4   |4     |
|russian.rt.com    |4   |4     |
|www.rambler.ru    |4   |4     |
|mail.rambler.ru   |4   |4     |
|riafan.ru         |4   |4     |
|life.ru           |3   |3     |
|news.rambler.ru   |3   |3     |
|www.championat.com|3   |3     |
|weekend.rambler.ru|3   |3     |
+------------------+----+------+

-------------------------------------------
Batch: 3
-------------------------------------------
+------------------+----+------+
|domain            |view|unique|
+------------------+----+------+
|news.rambler.ru   |10  |8     |
|www.rambler.ru    |8   |7     |
|echo.msk.ru       |5   |5     |
|www.sportmaster.ru|5   |5     |
|tophotels.ru      |5   |5     |
|mail.rambler.ru   |4   |4     |
|life.ru           |4   |4     |
|m.lenta.ru        |4   |4     |
|www.championat.com|4   |4     |
|www.mk.ru         |4   |4     |
+------------------+----+------+

-------------------------------------------
Batch: 4
-------------------------------------------
+------------------+----+------+
|domain            |view|unique|
+------------------+----+------+
|news.rambler.ru   |14  |12    |
|www.rambler.ru    |9   |8     |
|echo.msk.ru       |7   |7     |
|www.yaplakal.com  |5   |5     |
|www.championat.com|5   |5     |
|tophotels.ru      |5   |5     |
|www.sportmaster.ru|5   |5     |
|mail.rambler.ru   |5   |5     |
|life.ru           |4   |4     |
|m.lenta.ru        |4   |4     |
+------------------+----+------+

